Base path: C:/Program Files (x86)/Unity4_5/Editor/Data
Pipe name: \\.\pipe\UnityShaderCompiler-1-3192
Cmd: getPlatforms
Cmd: preprocess
  insize=464 outsize=464 ok=1
Cmd: preprocess
  insize=1651 outsize=2267 ok=1
Cmd: preprocess
  insize=848 outsize=848 ok=1
Cmd: preprocess
  insize=1486 outsize=2211 ok=1
Cmd: preprocess
  insize=1101 outsize=904 ok=1
Cmd: compileSnippet
  api=1 type=0 insize=4871 outsize=595 kw=DIRECTIONAL SHADOWS_OFF LIGHTMAP_OFF DIRLIGHTMAP_OFF ok=1
Cmd: compileSnippet
  api=1 type=1 insize=4871 outsize=345 kw=DIRECTIONAL SHADOWS_OFF LIGHTMAP_OFF DIRLIGHTMAP_OFF ok=1
Cmd: compileSnippet
  api=1 type=0 insize=2847 outsize=383 kw=POINT ok=1
Cmd: compileSnippet
  api=1 type=1 insize=2847 outsize=538 kw=POINT ok=1
Cmd: preprocess
  insize=495 outsize=495 ok=1
Cmd: preprocess
  insize=876 outsize=876 ok=1
Cmd: preprocess
  insize=769 outsize=769 ok=1
Cmd: preprocess
  insize=638 outsize=638 ok=1
Cmd: preprocess
  insize=1654 outsize=1035 ok=1
Cmd: compileSnippet
  api=1 type=0 insize=867 outsize=316 kw= ok=1
Cmd: compileSnippet
  api=1 type=1 insize=867 outsize=29 kw= ok=1
Cmd: compileSnippet
  api=1 type=0 insize=834 outsize=316 kw= ok=1
Cmd: preprocess
  insize=3105 outsize=1735 ok=1
Cmd: compileSnippet
  api=1 type=0 insize=1612 outsize=422 kw= ok=1
Cmd: compileSnippet
  api=1 type=1 insize=1612 outsize=626 kw= ok=1
Cmd: preprocess
  insize=708 outsize=708 ok=1
Cmd: preprocess
  insize=743 outsize=743 ok=1
Cmd: preprocess
  insize=1426 outsize=1426 ok=1
Cmd: preprocess
  insize=334 outsize=334 ok=1
Cmd: preprocess
  insize=1574 outsize=702 ok=1
Cmd: compileSnippet
  api=1 type=0 insize=1135 outsize=272 kw= ok=1
Cmd: compileSnippet
  api=1 type=1 insize=1135 outsize=192 kw= ok=1
Cmd: preprocess
  insize=664 outsize=664 ok=1
Cmd: preprocess
  insize=1000 outsize=1000 ok=1
Cmd: preprocess
  insize=1812 outsize=1056 ok=1
Cmd: compileSnippet
  api=1 type=0 insize=1020 outsize=171 kw= ok=1
Cmd: compileSnippet
  api=1 type=1 insize=1020 outsize=141 kw= ok=1
Cmd: compileSnippet
  api=1 type=0 insize=2847 outsize=253 kw=DIRECTIONAL ok=1
Cmd: compileSnippet
  api=1 type=1 insize=2847 outsize=337 kw=DIRECTIONAL ok=1
Cmd: preprocess
  insize=219 outsize=219 ok=1
Cmd: preprocess
  insize=2317 outsize=849 ok=1
Cmd: compileSnippet
  api=1 type=0 insize=1770 outsize=308 kw= ok=1
Cmd: compileSnippet
  api=1 type=1 insize=1770 outsize=351 kw= ok=1
Cmd: preprocess
  insize=1571 outsize=492 ok=1
Cmd: compileSnippet
  api=1 type=0 insize=1381 outsize=186 kw= ok=1
Cmd: compileSnippet
  api=1 type=1 insize=1381 outsize=462 kw= ok=1
Cmd: preprocess
  insize=2330 outsize=479 ok=1
Cmd: compileSnippet
  api=1 type=0 insize=2154 outsize=425 kw= ok=1
Cmd: compileSnippet
  api=1 type=1 insize=2154 outsize=461 kw= ok=1
Cmd: preprocess
  insize=1964 outsize=478 ok=1
Cmd: compileSnippet
  api=1 type=0 insize=1788 outsize=308 kw= ok=1
Cmd: compileSnippet
  api=1 type=1 insize=1788 outsize=362 kw= ok=1
Cmd: preprocess
  insize=480 outsize=480 ok=1
Cmd: preprocess
  insize=2450 outsize=535 ok=1
Cmd: compileSnippet
  api=1 type=0 insize=2219 outsize=425 kw= ok=1
Cmd: compileSnippet
  api=1 type=1 insize=2219 outsize=430 kw= ok=1
Cmd: preprocess
  insize=2083 outsize=533 ok=1
Cmd: compileSnippet
  api=1 type=0 insize=1852 outsize=308 kw= ok=1
Cmd: compileSnippet
  api=1 type=1 insize=1852 outsize=331 kw= ok=1
Cmd: preprocess
  insize=1404 outsize=609 ok=1
Cmd: compileSnippet
  api=1 type=0 insize=1097 outsize=240 kw= ok=1
Cmd: compileSnippet
  api=1 type=1 insize=1097 outsize=156 kw= ok=1
Cmd: preprocess
  insize=1452 outsize=830 ok=1
Cmd: compileSnippet
  api=1 type=0 insize=924 outsize=158 kw= ok=1
Cmd: compileSnippet
  api=1 type=1 insize=924 outsize=104 kw= ok=1
Cmd: preprocess
  insize=1503 outsize=625 ok=1
Cmd: compileSnippet
  api=1 type=0 insize=1179 outsize=240 kw= ok=1
Cmd: compileSnippet
  api=1 type=1 insize=1179 outsize=138 kw= ok=1
Cmd: preprocess
  insize=2684 outsize=850 ok=1
Cmd: compileSnippet
  api=1 type=0 insize=2137 outsize=425 kw= ok=1
Cmd: compileSnippet
  api=1 type=1 insize=2137 outsize=450 kw= ok=1
Cmd: preprocess
  insize=1560 outsize=533 ok=1
Cmd: compileSnippet
  api=1 type=0 insize=1329 outsize=186 kw= ok=1
Cmd: compileSnippet
  api=1 type=1 insize=1329 outsize=215 kw= ok=1
Cmd: preprocess
  insize=1428 outsize=478 ok=1
Cmd: compileSnippet
  api=1 type=0 insize=1252 outsize=186 kw= ok=1
Cmd: compileSnippet
  api=1 type=1 insize=1252 outsize=246 kw= ok=1
Cmd: preprocess
  insize=3042 outsize=1804 ok=1
Cmd: compileSnippet
  api=1 type=0 insize=5491 outsize=969 kw=DIRECTIONAL SHADOWS_OFF LIGHTMAP_OFF DIRLIGHTMAP_OFF ok=1
Cmd: compileSnippet
  api=1 type=1 insize=5491 outsize=917 kw=DIRECTIONAL SHADOWS_OFF LIGHTMAP_OFF DIRLIGHTMAP_OFF ok=1
Cmd: compileSnippet
  api=1 type=0 insize=3334 outsize=780 kw=POINT ok=1
Cmd: compileSnippet
  api=1 type=1 insize=3334 outsize=1081 kw=POINT ok=1
Cmd: compileSnippet
  api=1 type=0 insize=5370 outsize=668 kw=DIRECTIONAL SHADOWS_OFF LIGHTMAP_OFF DIRLIGHTMAP_OFF ok=1
Cmd: compileSnippet
  api=1 type=1 insize=5370 outsize=692 kw=DIRECTIONAL SHADOWS_OFF LIGHTMAP_OFF DIRLIGHTMAP_OFF ok=1
Cmd: compileSnippet
  api=1 type=0 insize=3313 outsize=405 kw=POINT ok=1
Cmd: compileSnippet
  api=1 type=1 insize=3313 outsize=869 kw=POINT ok=1
Cmd: preprocess
  insize=1784 outsize=847 ok=1
Cmd: compileSnippet
  api=1 type=0 insize=1237 outsize=186 kw= ok=1
Cmd: compileSnippet
  api=1 type=1 insize=1237 outsize=217 kw= ok=1
Cmd: preprocess
  insize=2474 outsize=494 ok=1
Cmd: compileSnippet
  api=1 type=0 insize=2284 outsize=425 kw= ok=1
Cmd: compileSnippet
  api=1 type=1 insize=2284 outsize=695 kw= ok=1
Cmd: preprocess
  insize=435 outsize=435 ok=1
Cmd: preprocess
  insize=1465 outsize=506 ok=1
Cmd: compileSnippet
  api=1 type=0 insize=1260 outsize=186 kw= ok=1
Cmd: compileSnippet
  api=1 type=1 insize=1260 outsize=459 kw= ok=1
Cmd: preprocess
  insize=1414 outsize=840 ok=1
Cmd: compileSnippet
  api=1 type=0 insize=876 outsize=158 kw= ok=1
Cmd: compileSnippet
  api=1 type=1 insize=876 outsize=81 kw= ok=1
Cmd: preprocess
  insize=5950 outsize=3432 ok=1
Cmd: compileSnippet
  api=1 type=0 insize=7087 outsize=1135 kw=DIRECTIONAL LIGHTMAP_OFF DIRLIGHTMAP_OFF ok=1
Cmd: compileSnippet
  api=1 type=1 insize=7087 outsize=1141 kw=DIRECTIONAL LIGHTMAP_OFF DIRLIGHTMAP_OFF ok=1
Cmd: compileSnippet
  api=1 type=0 insize=4819 outsize=955 kw=POINT ok=1
Cmd: compileSnippet
  api=1 type=1 insize=4819 outsize=1323 kw=POINT ok=1
Cmd: compileSnippet
  api=1 type=0 insize=6012 outsize=995 kw=DIRECTIONAL LIGHTMAP_OFF DIRLIGHTMAP_OFF ok=1
Cmd: compileSnippet
  api=1 type=1 insize=6012 outsize=1028 kw=DIRECTIONAL LIGHTMAP_OFF DIRLIGHTMAP_OFF ok=1
Cmd: compileSnippet
  api=1 type=0 insize=3811 outsize=806 kw=POINT ok=1
Cmd: compileSnippet
  api=1 type=1 insize=3811 outsize=1210 kw=POINT ok=1
Cmd: compileSnippet
  api=1 type=0 insize=5336 outsize=694 kw=DIRECTIONAL LIGHTMAP_OFF DIRLIGHTMAP_OFF ok=1
Cmd: compileSnippet
  api=1 type=1 insize=5336 outsize=430 kw=DIRECTIONAL LIGHTMAP_OFF DIRLIGHTMAP_OFF ok=1
Cmd: compileSnippet
  api=1 type=0 insize=2853 outsize=431 kw=POINT ok=1
Cmd: compileSnippet
  api=1 type=1 insize=2853 outsize=557 kw=POINT ok=1
Cmd: preprocess
  insize=1464 outsize=884 ok=1
Cmd: compileSnippet
  api=1 type=0 insize=882 outsize=158 kw= ok=1
Cmd: compileSnippet
  api=1 type=1 insize=882 outsize=81 kw= ok=1
Cmd: preprocess
  insize=2361 outsize=2258 ok=1
Cmd: compileSnippet
  api=1 type=0 insize=5593 outsize=969 kw=DIRECTIONAL SHADOWS_OFF LIGHTMAP_OFF DIRLIGHTMAP_OFF ok=1
Cmd: compileSnippet
  api=1 type=1 insize=5593 outsize=982 kw=DIRECTIONAL SHADOWS_OFF LIGHTMAP_OFF DIRLIGHTMAP_OFF ok=1
Cmd: compileSnippet
  api=1 type=0 insize=3436 outsize=780 kw=POINT ok=1
Cmd: compileSnippet
  api=1 type=1 insize=3436 outsize=1146 kw=POINT ok=1
Cmd: compileSnippet
  api=1 type=0 insize=4351 outsize=595 kw=DIRECTIONAL SHADOWS_OFF LIGHTMAP_OFF DIRLIGHTMAP_OFF ok=1
Cmd: compileSnippet
  api=1 type=1 insize=4351 outsize=325 kw=DIRECTIONAL SHADOWS_OFF LIGHTMAP_OFF DIRLIGHTMAP_OFF ok=1
Cmd: compileSnippet
  api=1 type=0 insize=2326 outsize=383 kw=POINT ok=1
Cmd: compileSnippet
  api=1 type=1 insize=2326 outsize=454 kw=POINT ok=1
Cmd: compileSnippet
  api=1 type=0 insize=1854 outsize=190 kw= ok=1
Cmd: compileSnippet
  api=1 type=1 insize=1854 outsize=118 kw= ok=1
Cmd: compileSnippet
  api=1 type=0 insize=4067 outsize=639 kw=LIGHTMAP_OFF DIRLIGHTMAP_OFF HDR_LIGHT_PREPASS_OFF ok=1
Cmd: compileSnippet
  api=1 type=1 insize=4067 outsize=275 kw=LIGHTMAP_OFF DIRLIGHTMAP_OFF HDR_LIGHT_PREPASS_OFF ok=1
Cmd: preprocess
  insize=1287 outsize=490 ok=1
Cmd: compileSnippet
  api=1 type=0 insize=1099 outsize=240 kw= ok=1
Cmd: compileSnippet
  api=1 type=1 insize=1099 outsize=164 kw= ok=1
Cmd: preprocess
  insize=1232 outsize=482 ok=1
Cmd: compileSnippet
  api=1 type=0 insize=1051 outsize=158 kw= ok=1
Cmd: compileSnippet
  api=1 type=1 insize=1051 outsize=343 kw= ok=1
Cmd: preprocess
  insize=2107 outsize=492 ok=1
Cmd: compileSnippet
  api=1 type=0 insize=1917 outsize=308 kw= ok=1
Cmd: compileSnippet
  api=1 type=1 insize=1917 outsize=596 kw= ok=1
Cmd: preprocess
  insize=1668 outsize=929 ok=1
Cmd: compileSnippet
  api=1 type=0 insize=1041 outsize=171 kw= ok=1
Cmd: compileSnippet
  api=1 type=1 insize=1041 outsize=152 kw= ok=1
Cmd: compileSnippet
  api=1 type=0 insize=3334 outsize=622 kw=DIRECTIONAL ok=1
Cmd: compileSnippet
  api=1 type=1 insize=3334 outsize=880 kw=DIRECTIONAL ok=1
Cmd: compileSnippet
  api=1 type=0 insize=3436 outsize=622 kw=DIRECTIONAL ok=1
Cmd: compileSnippet
  api=1 type=1 insize=3436 outsize=945 kw=DIRECTIONAL ok=1
Cmd: compileSnippet
  api=1 type=0 insize=3811 outsize=648 kw=DIRECTIONAL ok=1
Cmd: compileSnippet
  api=1 type=1 insize=3811 outsize=991 kw=DIRECTIONAL ok=1
